<?xml version="1.0" encoding="UTF-8"?>
<testng-results ignored="0" total="1" passed="1" failed="0" skipped="0">
  <reporter-output>
  </reporter-output>
  <suite started-at="2021-06-24T09:07:37 IST" name="Default suite" finished-at="2021-06-24T09:07:54 IST" duration-ms="17124">
    <groups>
    </groups>
    <test started-at="2021-06-24T09:07:37 IST" name="Default test" finished-at="2021-06-24T09:07:54 IST" duration-ms="17124">
      <class name="demo_EL">
        <test-method signature="test()[pri:0, instance:demo_EL@4fe767f3]" started-at="2021-06-24T09:07:37 IST" name="test" finished-at="2021-06-24T09:07:54 IST" duration-ms="17062" status="PASS">
          <reporter-output>
          </reporter-output>
        </test-method> <!-- test -->
      </class> <!-- demo_EL -->
    </test> <!-- Default test -->
  </suite> <!-- Default suite -->
</testng-results>
